Flow report for memoriaInstrucoes
Tue Jun 12 19:28:32 2018
Quartus II 64-Bit Version 13.0.1 Build 232 06/12/2013 Service Pack 1 SJ Web Edition


---------------------
; Table of Contents ;
---------------------
  1. Legal Notice
  2. Flow Summary
  3. Flow Settings
  4. Flow Non-Default Global Settings
  5. Flow Elapsed Time
  6. Flow OS Summary
  7. Flow Log
  8. Flow Messages
  9. Flow Suppressed Messages



----------------
; Legal Notice ;
----------------
Copyright (C) 1991-2013 Altera Corporation
Your use of Altera Corporation's design tools, logic functions 
and other software and tools, and its AMPP partner logic 
functions, and any output files from any of the foregoing 
(including device programming or simulation files), and any 
associated documentation or information are expressly subject 
to the terms and conditions of the Altera Program License 
Subscription Agreement, Altera MegaCore Function License 
Agreement, or other applicable license agreement, including, 
without limitation, that your use is for the sole purpose of 
programming logic devices manufactured by Altera and sold by 
Altera or its authorized distributors.  Please refer to the 
applicable agreement for further details.



+--------------------------------------------------------------------------------------+
; Flow Summary                                                                         ;
+------------------------------------+-------------------------------------------------+
; Flow Status                        ; Successful - Tue Jun 12 19:28:32 2018           ;
; Quartus II 64-Bit Version          ; 13.0.1 Build 232 06/12/2013 SP 1 SJ Web Edition ;
; Revision Name                      ; memoriaInstrucoes                               ;
; Top-level Entity Name              ; ram                                             ;
; Family                             ; Cyclone II                                      ;
; Device                             ; EP2C70F896C6                                    ;
; Timing Models                      ; Final                                           ;
; Total logic elements               ; 0                                               ;
;     Total combinational functions  ; 0                                               ;
;     Dedicated logic registers      ; 0                                               ;
; Total registers                    ; 0                                               ;
; Total pins                         ; 74                                              ;
; Total virtual pins                 ; 0                                               ;
; Total memory bits                  ; 8,192                                           ;
; Embedded Multiplier 9-bit elements ; 0                                               ;
; Total PLLs                         ; 0                                               ;
+------------------------------------+-------------------------------------------------+


+-----------------------------------------+
; Flow Settings                           ;
+-------------------+---------------------+
; Option            ; Setting             ;
+-------------------+---------------------+
; Start date & time ; 06/12/2018 19:28:18 ;
; Main task         ; Compilation         ;
; Revision Name     ; memoriaInstrucoes   ;
+-------------------+---------------------+


+---------------------------------------------------------------------------------------------------------------------------------------------+
; Flow Non-Default Global Settings                                                                                                            ;
+-------------------------------------+----------------------------------------------------+-------------------+-------------+----------------+
; Assignment Name                     ; Value                                              ; Default Value     ; Entity Name ; Section Id     ;
+-------------------------------------+----------------------------------------------------+-------------------+-------------+----------------+
; COMPILER_SIGNATURE_ID               ; 242250652159635.152884249803636                    ; --                ; --          ; --             ;
; EDA_NETLIST_WRITER_OUTPUT_DIR       ; C:\Users\Mateus Luiz\Documents\OAC\oac-trab\trab-6 ; --                ; --          ; eda_simulation ;
; EDA_OUTPUT_DATA_FORMAT              ; Vhdl                                               ; --                ; --          ; eda_simulation ;
; EDA_SIMULATION_TOOL                 ; ModelSim-Altera (VHDL)                             ; <None>            ; --          ; --             ;
; IP_TOOL_NAME                        ; RAM: 1-PORT                                        ; --                ; --          ; --             ;
; IP_TOOL_VERSION                     ; 13.0                                               ; --                ; --          ; --             ;
; MAX_CORE_JUNCTION_TEMP              ; 85                                                 ; --                ; --          ; --             ;
; MIN_CORE_JUNCTION_TEMP              ; 0                                                  ; --                ; --          ; --             ;
; MISC_FILE                           ; ram_inst.vhd                                       ; --                ; --          ; --             ;
; MISC_FILE                           ; ram.cmp                                            ; --                ; --          ; --             ;
; PARTITION_COLOR                     ; 16764057                                           ; --                ; ram         ; Top            ;
; PARTITION_FITTER_PRESERVATION_LEVEL ; PLACEMENT_AND_ROUTING                              ; --                ; ram         ; Top            ;
; PARTITION_NETLIST_TYPE              ; SOURCE                                             ; --                ; ram         ; Top            ;
; PROJECT_OUTPUT_DIRECTORY            ; output_files                                       ; --                ; --          ; --             ;
; TOP_LEVEL_ENTITY                    ; ram                                                ; memoriaInstrucoes ; --          ; --             ;
+-------------------------------------+----------------------------------------------------+-------------------+-------------+----------------+


+--------------------------------------------------------------------------------------------------------------------------+
; Flow Elapsed Time                                                                                                        ;
+----------------------+--------------+-------------------------+---------------------+------------------------------------+
; Module Name          ; Elapsed Time ; Average Processors Used ; Peak Virtual Memory ; Total CPU Time (on all processors) ;
+----------------------+--------------+-------------------------+---------------------+------------------------------------+
; Analysis & Synthesis ; 00:00:03     ; 1.0                     ; 523 MB              ; 00:00:02                           ;
; EDA Netlist Writer   ; 00:00:01     ; 1.0                     ; 394 MB              ; 00:00:01                           ;
; Total                ; 00:00:04     ; --                      ; --                  ; 00:00:03                           ;
+----------------------+--------------+-------------------------+---------------------+------------------------------------+


+-----------------------------------------------------------------------------------+
; Flow OS Summary                                                                   ;
+----------------------+------------------+-----------+------------+----------------+
; Module Name          ; Machine Hostname ; OS Name   ; OS Version ; Processor type ;
+----------------------+------------------+-----------+------------+----------------+
; Analysis & Synthesis ; DESKTOP-G6V22A2  ; Windows 7 ; 6.2        ; x86_64         ;
; EDA Netlist Writer   ; DESKTOP-G6V22A2  ; Windows 7 ; 6.2        ; x86_64         ;
+----------------------+------------------+-----------+------------+----------------+


------------
; Flow Log ;
------------
quartus_map --read_settings_files=on --write_settings_files=off memoriaInstrucoes -c memoriaInstrucoes
quartus_eda --read_settings_files=on --write_settings_files=off memoriaInstrucoes -c memoriaInstrucoes --gen_testbench



