Analysis & Synthesis report for memoriaInstrucoes
Sun Jun 17 19:02:11 2018
Quartus II 64-Bit Version 13.0.1 Build 232 06/12/2013 Service Pack 1 SJ Web Edition


---------------------
; Table of Contents ;
---------------------
  1. Legal Notice
  2. Analysis & Synthesis Summary
  3. Analysis & Synthesis Settings
  4. Parallel Compilation
  5. Analysis & Synthesis Source Files Read
  6. Analysis & Synthesis Resource Usage Summary
  7. Analysis & Synthesis Resource Utilization by Entity
  8. Analysis & Synthesis RAM Summary
  9. Analysis & Synthesis IP Cores Summary
 10. Registers Removed During Synthesis
 11. General Register Statistics
 12. Source assignments for mem_instrucoes:i1|altsyncram:altsyncram_component|altsyncram_k4e1:auto_generated
 13. Parameter Settings for User Entity Instance: mem_instrucoes:i1|altsyncram:altsyncram_component
 14. altsyncram Parameter Settings by Entity Instance
 15. Elapsed Time Per Partition
 16. Analysis & Synthesis Messages



----------------
; Legal Notice ;
----------------
Copyright (C) 1991-2013 Altera Corporation
Your use of Altera Corporation's design tools, logic functions 
and other software and tools, and its AMPP partner logic 
functions, and any output files from any of the foregoing 
(including device programming or simulation files), and any 
associated documentation or information are expressly subject 
to the terms and conditions of the Altera Program License 
Subscription Agreement, Altera MegaCore Function License 
Agreement, or other applicable license agreement, including, 
without limitation, that your use is for the sole purpose of 
programming logic devices manufactured by Altera and sold by 
Altera or its authorized distributors.  Please refer to the 
applicable agreement for further details.



+--------------------------------------------------------------------------------------+
; Analysis & Synthesis Summary                                                         ;
+------------------------------------+-------------------------------------------------+
; Analysis & Synthesis Status        ; Successful - Sun Jun 17 19:02:11 2018           ;
; Quartus II 64-Bit Version          ; 13.0.1 Build 232 06/12/2013 SP 1 SJ Web Edition ;
; Revision Name                      ; memoriaInstrucoes                               ;
; Top-level Entity Name              ; full_component                                  ;
; Family                             ; Cyclone II                                      ;
; Total logic elements               ; 40                                              ;
;     Total combinational functions  ; 8                                               ;
;     Dedicated logic registers      ; 40                                              ;
; Total registers                    ; 40                                              ;
; Total pins                         ; 66                                              ;
; Total virtual pins                 ; 0                                               ;
; Total memory bits                  ; 8,192                                           ;
; Embedded Multiplier 9-bit elements ; 0                                               ;
; Total PLLs                         ; 0                                               ;
+------------------------------------+-------------------------------------------------+


+----------------------------------------------------------------------------------------------------------------------+
; Analysis & Synthesis Settings                                                                                        ;
+----------------------------------------------------------------------------+--------------------+--------------------+
; Option                                                                     ; Setting            ; Default Value      ;
+----------------------------------------------------------------------------+--------------------+--------------------+
; Device                                                                     ; EP2C70F896C6       ;                    ;
; Top-level entity name                                                      ; full_component     ; memoriaInstrucoes  ;
; Family name                                                                ; Cyclone II         ; Cyclone IV GX      ;
; Use smart compilation                                                      ; Off                ; Off                ;
; Enable parallel Assembler and TimeQuest Timing Analyzer during compilation ; On                 ; On                 ;
; Enable compact report table                                                ; Off                ; Off                ;
; Restructure Multiplexers                                                   ; Auto               ; Auto               ;
; Create Debugging Nodes for IP Cores                                        ; Off                ; Off                ;
; Preserve fewer node names                                                  ; On                 ; On                 ;
; Disable OpenCore Plus hardware evaluation                                  ; Off                ; Off                ;
; Verilog Version                                                            ; Verilog_2001       ; Verilog_2001       ;
; VHDL Version                                                               ; VHDL_1993          ; VHDL_1993          ;
; State Machine Processing                                                   ; Auto               ; Auto               ;
; Safe State Machine                                                         ; Off                ; Off                ;
; Extract Verilog State Machines                                             ; On                 ; On                 ;
; Extract VHDL State Machines                                                ; On                 ; On                 ;
; Ignore Verilog initial constructs                                          ; Off                ; Off                ;
; Iteration limit for constant Verilog loops                                 ; 5000               ; 5000               ;
; Iteration limit for non-constant Verilog loops                             ; 250                ; 250                ;
; Add Pass-Through Logic to Inferred RAMs                                    ; On                 ; On                 ;
; Infer RAMs from Raw Logic                                                  ; On                 ; On                 ;
; Parallel Synthesis                                                         ; On                 ; On                 ;
; DSP Block Balancing                                                        ; Auto               ; Auto               ;
; NOT Gate Push-Back                                                         ; On                 ; On                 ;
; Power-Up Don't Care                                                        ; On                 ; On                 ;
; Remove Redundant Logic Cells                                               ; Off                ; Off                ;
; Remove Duplicate Registers                                                 ; On                 ; On                 ;
; Ignore CARRY Buffers                                                       ; Off                ; Off                ;
; Ignore CASCADE Buffers                                                     ; Off                ; Off                ;
; Ignore GLOBAL Buffers                                                      ; Off                ; Off                ;
; Ignore ROW GLOBAL Buffers                                                  ; Off                ; Off                ;
; Ignore LCELL Buffers                                                       ; Off                ; Off                ;
; Ignore SOFT Buffers                                                        ; On                 ; On                 ;
; Limit AHDL Integers to 32 Bits                                             ; Off                ; Off                ;
; Optimization Technique                                                     ; Balanced           ; Balanced           ;
; Carry Chain Length                                                         ; 70                 ; 70                 ;
; Auto Carry Chains                                                          ; On                 ; On                 ;
; Auto Open-Drain Pins                                                       ; On                 ; On                 ;
; Perform WYSIWYG Primitive Resynthesis                                      ; Off                ; Off                ;
; Auto ROM Replacement                                                       ; On                 ; On                 ;
; Auto RAM Replacement                                                       ; On                 ; On                 ;
; Auto Shift Register Replacement                                            ; Auto               ; Auto               ;
; Allow Shift Register Merging across Hierarchies                            ; Auto               ; Auto               ;
; Auto Clock Enable Replacement                                              ; On                 ; On                 ;
; Strict RAM Replacement                                                     ; Off                ; Off                ;
; Allow Synchronous Control Signals                                          ; On                 ; On                 ;
; Force Use of Synchronous Clear Signals                                     ; Off                ; Off                ;
; Auto RAM to Logic Cell Conversion                                          ; Off                ; Off                ;
; Auto Resource Sharing                                                      ; Off                ; Off                ;
; Allow Any RAM Size For Recognition                                         ; Off                ; Off                ;
; Allow Any ROM Size For Recognition                                         ; Off                ; Off                ;
; Allow Any Shift Register Size For Recognition                              ; Off                ; Off                ;
; Use LogicLock Constraints during Resource Balancing                        ; On                 ; On                 ;
; Ignore translate_off and synthesis_off directives                          ; Off                ; Off                ;
; Timing-Driven Synthesis                                                    ; Off                ; Off                ;
; Report Parameter Settings                                                  ; On                 ; On                 ;
; Report Source Assignments                                                  ; On                 ; On                 ;
; Report Connectivity Checks                                                 ; On                 ; On                 ;
; Ignore Maximum Fan-Out Assignments                                         ; Off                ; Off                ;
; Synchronization Register Chain Length                                      ; 2                  ; 2                  ;
; PowerPlay Power Optimization                                               ; Normal compilation ; Normal compilation ;
; HDL message level                                                          ; Level2             ; Level2             ;
; Suppress Register Optimization Related Messages                            ; Off                ; Off                ;
; Number of Removed Registers Reported in Synthesis Report                   ; 5000               ; 5000               ;
; Number of Swept Nodes Reported in Synthesis Report                         ; 5000               ; 5000               ;
; Number of Inverted Registers Reported in Synthesis Report                  ; 100                ; 100                ;
; Clock MUX Protection                                                       ; On                 ; On                 ;
; Auto Gated Clock Conversion                                                ; Off                ; Off                ;
; Block Design Naming                                                        ; Auto               ; Auto               ;
; SDC constraint protection                                                  ; Off                ; Off                ;
; Synthesis Effort                                                           ; Auto               ; Auto               ;
; Shift Register Replacement - Allow Asynchronous Clear Signal               ; On                 ; On                 ;
; Pre-Mapping Resynthesis Optimization                                       ; Off                ; Off                ;
; Analysis & Synthesis Message Level                                         ; Medium             ; Medium             ;
; Disable Register Merging Across Hierarchies                                ; Auto               ; Auto               ;
; Resource Aware Inference For Block RAM                                     ; On                 ; On                 ;
; Synthesis Seed                                                             ; 1                  ; 1                  ;
+----------------------------------------------------------------------------+--------------------+--------------------+


Parallel compilation was disabled, but you have multiple processors available. Enable parallel compilation to reduce compilation time.
+-------------------------------------+
; Parallel Compilation                ;
+----------------------------+--------+
; Processors                 ; Number ;
+----------------------------+--------+
; Number detected on machine ; 4      ;
; Maximum allowed            ; 1      ;
+----------------------------+--------+


+-----------------------------------------------------------------------------------------------------------------------------------------------------------------------------+
; Analysis & Synthesis Source Files Read                                                                                                                                      ;
+----------------------------------+-----------------+----------------------------------+---------------------------------------------------------------------------+---------+
; File Name with User-Entered Path ; Used in Netlist ; File Type                        ; File Name with Absolute Path                                              ; Library ;
+----------------------------------+-----------------+----------------------------------+---------------------------------------------------------------------------+---------+
; mem_instrucoes.vhd               ; yes             ; User Wizard-Generated File       ; C:/Users/Mateus Luiz/Documents/OAC/oac-trab/trab-6/mem_instrucoes.vhd     ;         ;
; memoriaInstrucoes.mif            ; yes             ; User Memory Initialization File  ; C:/Users/Mateus Luiz/Documents/OAC/oac-trab/trab-6/memoriaInstrucoes.mif  ;         ;
; pc_adder.vhd                     ; yes             ; User VHDL File                   ; C:/Users/Mateus Luiz/Documents/OAC/oac-trab/trab-6/pc_adder.vhd           ;         ;
; full_component.vhd               ; yes             ; User VHDL File                   ; C:/Users/Mateus Luiz/Documents/OAC/oac-trab/trab-6/full_component.vhd     ;         ;
; pc_register.vhd                  ; yes             ; User VHDL File                   ; C:/Users/Mateus Luiz/Documents/OAC/oac-trab/trab-6/pc_register.vhd        ;         ;
; altsyncram.tdf                   ; yes             ; Megafunction                     ; c:/altera/13.0sp1/quartus/libraries/megafunctions/altsyncram.tdf          ;         ;
; stratix_ram_block.inc            ; yes             ; Megafunction                     ; c:/altera/13.0sp1/quartus/libraries/megafunctions/stratix_ram_block.inc   ;         ;
; lpm_mux.inc                      ; yes             ; Megafunction                     ; c:/altera/13.0sp1/quartus/libraries/megafunctions/lpm_mux.inc             ;         ;
; lpm_decode.inc                   ; yes             ; Megafunction                     ; c:/altera/13.0sp1/quartus/libraries/megafunctions/lpm_decode.inc          ;         ;
; aglobal130.inc                   ; yes             ; Megafunction                     ; c:/altera/13.0sp1/quartus/libraries/megafunctions/aglobal130.inc          ;         ;
; a_rdenreg.inc                    ; yes             ; Megafunction                     ; c:/altera/13.0sp1/quartus/libraries/megafunctions/a_rdenreg.inc           ;         ;
; altrom.inc                       ; yes             ; Megafunction                     ; c:/altera/13.0sp1/quartus/libraries/megafunctions/altrom.inc              ;         ;
; altram.inc                       ; yes             ; Megafunction                     ; c:/altera/13.0sp1/quartus/libraries/megafunctions/altram.inc              ;         ;
; altdpram.inc                     ; yes             ; Megafunction                     ; c:/altera/13.0sp1/quartus/libraries/megafunctions/altdpram.inc            ;         ;
; db/altsyncram_k4e1.tdf           ; yes             ; Auto-Generated Megafunction      ; C:/Users/Mateus Luiz/Documents/OAC/oac-trab/trab-6/db/altsyncram_k4e1.tdf ;         ;
+----------------------------------+-----------------+----------------------------------+---------------------------------------------------------------------------+---------+


+-----------------------------------------------------+
; Analysis & Synthesis Resource Usage Summary         ;
+---------------------------------------------+-------+
; Resource                                    ; Usage ;
+---------------------------------------------+-------+
; Estimated Total logic elements              ; 40    ;
;                                             ;       ;
; Total combinational functions               ; 8     ;
; Logic element usage by number of LUT inputs ;       ;
;     -- 4 input functions                    ; 0     ;
;     -- 3 input functions                    ; 1     ;
;     -- <=2 input functions                  ; 7     ;
;                                             ;       ;
; Logic elements by mode                      ;       ;
;     -- normal mode                          ; 2     ;
;     -- arithmetic mode                      ; 6     ;
;                                             ;       ;
; Total registers                             ; 40    ;
;     -- Dedicated logic registers            ; 40    ;
;     -- I/O registers                        ; 0     ;
;                                             ;       ;
; I/O pins                                    ; 66    ;
; Total memory bits                           ; 8192  ;
; Embedded Multiplier 9-bit elements          ; 0     ;
; Maximum fan-out node                        ; clock ;
; Maximum fan-out                             ; 72    ;
; Total fan-out                               ; 479   ;
; Average fan-out                             ; 3.28  ;
+---------------------------------------------+-------+


+-------------------------------------------------------------------------------------------------------------------------------------------------------------------------------------------------------------------------------------------------------------------------+
; Analysis & Synthesis Resource Utilization by Entity                                                                                                                                                                                                                     ;
+-------------------------------------------+-------------------+--------------+-------------+--------------+---------+-----------+------+--------------+--------------------------------------------------------------------------------------------------+--------------+
; Compilation Hierarchy Node                ; LC Combinationals ; LC Registers ; Memory Bits ; DSP Elements ; DSP 9x9 ; DSP 18x18 ; Pins ; Virtual Pins ; Full Hierarchy Name                                                                              ; Library Name ;
+-------------------------------------------+-------------------+--------------+-------------+--------------+---------+-----------+------+--------------+--------------------------------------------------------------------------------------------------+--------------+
; |full_component                           ; 8 (0)             ; 40 (32)      ; 8192        ; 0            ; 0       ; 0         ; 66   ; 0            ; |full_component                                                                                  ; work         ;
;    |mem_instrucoes:i1|                    ; 0 (0)             ; 0 (0)        ; 8192        ; 0            ; 0       ; 0         ; 0    ; 0            ; |full_component|mem_instrucoes:i1                                                                ; work         ;
;       |altsyncram:altsyncram_component|   ; 0 (0)             ; 0 (0)        ; 8192        ; 0            ; 0       ; 0         ; 0    ; 0            ; |full_component|mem_instrucoes:i1|altsyncram:altsyncram_component                                ; work         ;
;          |altsyncram_k4e1:auto_generated| ; 0 (0)             ; 0 (0)        ; 8192        ; 0            ; 0       ; 0         ; 0    ; 0            ; |full_component|mem_instrucoes:i1|altsyncram:altsyncram_component|altsyncram_k4e1:auto_generated ; work         ;
;    |pc_register:i3|                       ; 8 (8)             ; 8 (8)        ; 0           ; 0            ; 0       ; 0         ; 0    ; 0            ; |full_component|pc_register:i3                                                                   ; work         ;
+-------------------------------------------+-------------------+--------------+-------------+--------------+---------+-----------+------+--------------+--------------------------------------------------------------------------------------------------+--------------+
Note: For table entries with two numbers listed, the numbers in parentheses indicate the number of resources of the given type used by the specific entity alone. The numbers listed outside of parentheses indicate the total resources of the given type used by the specific entity and all of its sub-entities in the hierarchy.


+-------------------------------------------------------------------------------------------------------------------------------------------------------------------------------------------------------------+
; Analysis & Synthesis RAM Summary                                                                                                                                                                            ;
+---------------------------------------------------------------------------------------------+------+-------------+--------------+--------------+--------------+--------------+------+-----------------------+
; Name                                                                                        ; Type ; Mode        ; Port A Depth ; Port A Width ; Port B Depth ; Port B Width ; Size ; MIF                   ;
+---------------------------------------------------------------------------------------------+------+-------------+--------------+--------------+--------------+--------------+------+-----------------------+
; mem_instrucoes:i1|altsyncram:altsyncram_component|altsyncram_k4e1:auto_generated|ALTSYNCRAM ; AUTO ; Single Port ; 256          ; 32           ; --           ; --           ; 8192 ; memoriaInstrucoes.mif ;
+---------------------------------------------------------------------------------------------+------+-------------+--------------+--------------+--------------+--------------+------+-----------------------+


+---------------------------------------------------------------------------------------------------------------------------------------------------------------------------+
; Analysis & Synthesis IP Cores Summary                                                                                                                                     ;
+--------+--------------+---------+--------------+--------------+-----------------------------------+-----------------------------------------------------------------------+
; Vendor ; IP Core Name ; Version ; Release Date ; License Type ; Entity Instance                   ; IP Include File                                                       ;
+--------+--------------+---------+--------------+--------------+-----------------------------------+-----------------------------------------------------------------------+
; Altera ; RAM: 1-PORT  ; 13.0    ; N/A          ; N/A          ; |full_component|mem_instrucoes:i1 ; C:/Users/Mateus Luiz/Documents/OAC/oac-trab/trab-6/mem_instrucoes.vhd ;
+--------+--------------+---------+--------------+--------------+-----------------------------------+-----------------------------------------------------------------------+


+-------------------------------------------------------------+
; Registers Removed During Synthesis                          ;
+----------------------------------------+--------------------+
; Register name                          ; Reason for Removal ;
+----------------------------------------+--------------------+
; pc_register:i3|register_data[10..31]   ; Lost fanout        ;
; Total Number of Removed Registers = 22 ;                    ;
+----------------------------------------+--------------------+


+------------------------------------------------------+
; General Register Statistics                          ;
+----------------------------------------------+-------+
; Statistic                                    ; Value ;
+----------------------------------------------+-------+
; Total registers                              ; 40    ;
; Number of registers using Synchronous Clear  ; 0     ;
; Number of registers using Synchronous Load   ; 0     ;
; Number of registers using Asynchronous Clear ; 0     ;
; Number of registers using Asynchronous Load  ; 0     ;
; Number of registers using Clock Enable       ; 0     ;
; Number of registers using Preset             ; 0     ;
+----------------------------------------------+-------+


+---------------------------------------------------------------------------------------------------------+
; Source assignments for mem_instrucoes:i1|altsyncram:altsyncram_component|altsyncram_k4e1:auto_generated ;
+---------------------------------+--------------------+------+-------------------------------------------+
; Assignment                      ; Value              ; From ; To                                        ;
+---------------------------------+--------------------+------+-------------------------------------------+
; OPTIMIZE_POWER_DURING_SYNTHESIS ; NORMAL_COMPILATION ; -    ; -                                         ;
+---------------------------------+--------------------+------+-------------------------------------------+


+------------------------------------------------------------------------------------------------+
; Parameter Settings for User Entity Instance: mem_instrucoes:i1|altsyncram:altsyncram_component ;
+------------------------------------+-----------------------+-----------------------------------+
; Parameter Name                     ; Value                 ; Type                              ;
+------------------------------------+-----------------------+-----------------------------------+
; BYTE_SIZE_BLOCK                    ; 8                     ; Untyped                           ;
; AUTO_CARRY_CHAINS                  ; ON                    ; AUTO_CARRY                        ;
; IGNORE_CARRY_BUFFERS               ; OFF                   ; IGNORE_CARRY                      ;
; AUTO_CASCADE_CHAINS                ; ON                    ; AUTO_CASCADE                      ;
; IGNORE_CASCADE_BUFFERS             ; OFF                   ; IGNORE_CASCADE                    ;
; WIDTH_BYTEENA                      ; 1                     ; Untyped                           ;
; OPERATION_MODE                     ; SINGLE_PORT           ; Untyped                           ;
; WIDTH_A                            ; 32                    ; Signed Integer                    ;
; WIDTHAD_A                          ; 8                     ; Signed Integer                    ;
; NUMWORDS_A                         ; 256                   ; Signed Integer                    ;
; OUTDATA_REG_A                      ; UNREGISTERED          ; Untyped                           ;
; ADDRESS_ACLR_A                     ; NONE                  ; Untyped                           ;
; OUTDATA_ACLR_A                     ; NONE                  ; Untyped                           ;
; WRCONTROL_ACLR_A                   ; NONE                  ; Untyped                           ;
; INDATA_ACLR_A                      ; NONE                  ; Untyped                           ;
; BYTEENA_ACLR_A                     ; NONE                  ; Untyped                           ;
; WIDTH_B                            ; 1                     ; Untyped                           ;
; WIDTHAD_B                          ; 1                     ; Untyped                           ;
; NUMWORDS_B                         ; 1                     ; Untyped                           ;
; INDATA_REG_B                       ; CLOCK1                ; Untyped                           ;
; WRCONTROL_WRADDRESS_REG_B          ; CLOCK1                ; Untyped                           ;
; RDCONTROL_REG_B                    ; CLOCK1                ; Untyped                           ;
; ADDRESS_REG_B                      ; CLOCK1                ; Untyped                           ;
; OUTDATA_REG_B                      ; UNREGISTERED          ; Untyped                           ;
; BYTEENA_REG_B                      ; CLOCK1                ; Untyped                           ;
; INDATA_ACLR_B                      ; NONE                  ; Untyped                           ;
; WRCONTROL_ACLR_B                   ; NONE                  ; Untyped                           ;
; ADDRESS_ACLR_B                     ; NONE                  ; Untyped                           ;
; OUTDATA_ACLR_B                     ; NONE                  ; Untyped                           ;
; RDCONTROL_ACLR_B                   ; NONE                  ; Untyped                           ;
; BYTEENA_ACLR_B                     ; NONE                  ; Untyped                           ;
; WIDTH_BYTEENA_A                    ; 1                     ; Signed Integer                    ;
; WIDTH_BYTEENA_B                    ; 1                     ; Untyped                           ;
; RAM_BLOCK_TYPE                     ; AUTO                  ; Untyped                           ;
; BYTE_SIZE                          ; 8                     ; Untyped                           ;
; READ_DURING_WRITE_MODE_MIXED_PORTS ; DONT_CARE             ; Untyped                           ;
; READ_DURING_WRITE_MODE_PORT_A      ; NEW_DATA_NO_NBE_READ  ; Untyped                           ;
; READ_DURING_WRITE_MODE_PORT_B      ; NEW_DATA_NO_NBE_READ  ; Untyped                           ;
; INIT_FILE                          ; memoriaInstrucoes.mif ; Untyped                           ;
; INIT_FILE_LAYOUT                   ; PORT_A                ; Untyped                           ;
; MAXIMUM_DEPTH                      ; 0                     ; Untyped                           ;
; CLOCK_ENABLE_INPUT_A               ; BYPASS                ; Untyped                           ;
; CLOCK_ENABLE_INPUT_B               ; NORMAL                ; Untyped                           ;
; CLOCK_ENABLE_OUTPUT_A              ; BYPASS                ; Untyped                           ;
; CLOCK_ENABLE_OUTPUT_B              ; NORMAL                ; Untyped                           ;
; CLOCK_ENABLE_CORE_A                ; USE_INPUT_CLKEN       ; Untyped                           ;
; CLOCK_ENABLE_CORE_B                ; USE_INPUT_CLKEN       ; Untyped                           ;
; ENABLE_ECC                         ; FALSE                 ; Untyped                           ;
; ECC_PIPELINE_STAGE_ENABLED         ; FALSE                 ; Untyped                           ;
; WIDTH_ECCSTATUS                    ; 3                     ; Untyped                           ;
; DEVICE_FAMILY                      ; Cyclone II            ; Untyped                           ;
; CBXI_PARAMETER                     ; altsyncram_k4e1       ; Untyped                           ;
+------------------------------------+-----------------------+-----------------------------------+
Note: In order to hide this table in the UI and the text report file, please set the "Show Parameter Settings in Synthesis Report" option in "Analysis and Synthesis Settings -> More Settings" to "Off".


+-----------------------------------------------------------------------------------------------+
; altsyncram Parameter Settings by Entity Instance                                              ;
+-------------------------------------------+---------------------------------------------------+
; Name                                      ; Value                                             ;
+-------------------------------------------+---------------------------------------------------+
; Number of entity instances                ; 1                                                 ;
; Entity Instance                           ; mem_instrucoes:i1|altsyncram:altsyncram_component ;
;     -- OPERATION_MODE                     ; SINGLE_PORT                                       ;
;     -- WIDTH_A                            ; 32                                                ;
;     -- NUMWORDS_A                         ; 256                                               ;
;     -- OUTDATA_REG_A                      ; UNREGISTERED                                      ;
;     -- WIDTH_B                            ; 1                                                 ;
;     -- NUMWORDS_B                         ; 1                                                 ;
;     -- ADDRESS_REG_B                      ; CLOCK1                                            ;
;     -- OUTDATA_REG_B                      ; UNREGISTERED                                      ;
;     -- RAM_BLOCK_TYPE                     ; AUTO                                              ;
;     -- READ_DURING_WRITE_MODE_MIXED_PORTS ; DONT_CARE                                         ;
+-------------------------------------------+---------------------------------------------------+


+-------------------------------+
; Elapsed Time Per Partition    ;
+----------------+--------------+
; Partition Name ; Elapsed Time ;
+----------------+--------------+
; Top            ; 00:00:00     ;
+----------------+--------------+


+-------------------------------+
; Analysis & Synthesis Messages ;
+-------------------------------+
Info: *******************************************************************
Info: Running Quartus II 64-Bit Analysis & Synthesis
    Info: Version 13.0.1 Build 232 06/12/2013 Service Pack 1 SJ Web Edition
    Info: Processing started: Sun Jun 17 19:02:09 2018
Info: Command: quartus_map --read_settings_files=on --write_settings_files=off memoriaInstrucoes -c memoriaInstrucoes
Warning (20028): Parallel compilation is not licensed and has been disabled
Info (12021): Found 2 design units, including 1 entities, in source file full_component_tb.vhd
    Info (12022): Found design unit 1: full_component_test-full_component_arch
    Info (12023): Found entity 1: full_component_test
Info (12021): Found 2 design units, including 1 entities, in source file mem_instrucoes_tb.vhd
    Info (12022): Found design unit 1: mem_instrucoes_test-mem_instrucoes_arch
    Info (12023): Found entity 1: mem_instrucoes_test
Info (12021): Found 2 design units, including 1 entities, in source file mem_instrucoes.vhd
    Info (12022): Found design unit 1: mem_instrucoes-SYN
    Info (12023): Found entity 1: mem_instrucoes
Info (12021): Found 2 design units, including 1 entities, in source file pc_adder.vhd
    Info (12022): Found design unit 1: pc_adder-pc_adder_arch
    Info (12023): Found entity 1: pc_adder
Info (12021): Found 2 design units, including 1 entities, in source file mux_2_inputs.vhd
    Info (12022): Found design unit 1: mux_2_inputs-mux_2_inputs_arch
    Info (12023): Found entity 1: mux_2_inputs
Info (12021): Found 2 design units, including 1 entities, in source file full_component.vhd
    Info (12022): Found design unit 1: full_component-full_component_arch
    Info (12023): Found entity 1: full_component
Info (12021): Found 2 design units, including 1 entities, in source file pc_register.vhd
    Info (12022): Found design unit 1: pc_register-pc_register_arch
    Info (12023): Found entity 1: pc_register
Info (12127): Elaborating entity "full_component" for the top level hierarchy
Info (12128): Elaborating entity "mem_instrucoes" for hierarchy "mem_instrucoes:i1"
Info (12128): Elaborating entity "altsyncram" for hierarchy "mem_instrucoes:i1|altsyncram:altsyncram_component"
Info (12130): Elaborated megafunction instantiation "mem_instrucoes:i1|altsyncram:altsyncram_component"
Info (12133): Instantiated megafunction "mem_instrucoes:i1|altsyncram:altsyncram_component" with the following parameter:
    Info (12134): Parameter "clock_enable_input_a" = "BYPASS"
    Info (12134): Parameter "clock_enable_output_a" = "BYPASS"
    Info (12134): Parameter "init_file" = "memoriaInstrucoes.mif"
    Info (12134): Parameter "intended_device_family" = "Cyclone II"
    Info (12134): Parameter "lpm_hint" = "ENABLE_RUNTIME_MOD=NO"
    Info (12134): Parameter "lpm_type" = "altsyncram"
    Info (12134): Parameter "numwords_a" = "256"
    Info (12134): Parameter "operation_mode" = "SINGLE_PORT"
    Info (12134): Parameter "outdata_aclr_a" = "NONE"
    Info (12134): Parameter "outdata_reg_a" = "UNREGISTERED"
    Info (12134): Parameter "power_up_uninitialized" = "FALSE"
    Info (12134): Parameter "widthad_a" = "8"
    Info (12134): Parameter "width_a" = "32"
    Info (12134): Parameter "width_byteena_a" = "1"
Info (12021): Found 1 design units, including 1 entities, in source file db/altsyncram_k4e1.tdf
    Info (12023): Found entity 1: altsyncram_k4e1
Info (12128): Elaborating entity "altsyncram_k4e1" for hierarchy "mem_instrucoes:i1|altsyncram:altsyncram_component|altsyncram_k4e1:auto_generated"
Info (12128): Elaborating entity "pc_adder" for hierarchy "pc_adder:i2"
Info (12128): Elaborating entity "pc_register" for hierarchy "pc_register:i3"
Info (17049): 22 registers lost all their fanouts during netlist optimizations.
Info (16010): Generating hard_block partition "hard_block:auto_generated_inst"
    Info (16011): Adding 0 node(s), including 0 DDIO, 0 PLL, 0 transceiver and 0 LCELL
Info (21057): Implemented 138 device resources after synthesis - the final resource count might be different
    Info (21058): Implemented 34 input pins
    Info (21059): Implemented 32 output pins
    Info (21061): Implemented 40 logic cells
    Info (21064): Implemented 32 RAM segments
Info: Quartus II 64-Bit Analysis & Synthesis was successful. 0 errors, 1 warning
    Info: Peak virtual memory: 522 megabytes
    Info: Processing ended: Sun Jun 17 19:02:11 2018
    Info: Elapsed time: 00:00:02
    Info: Total CPU time (on all processors): 00:00:02


